2024-06-24 18:08:06,499 p=3444395 u=upszot n=ansible | [WARNING]: A duplicate localhost-like entry was found (localhost). First found localhost was 127.0.0.1

2024-06-24 18:08:06,598 p=3444395 u=upszot n=ansible | PLAY [all] **********************************************************************************************************************************************************************************************************************************
2024-06-24 18:08:06,609 p=3444395 u=upszot n=ansible | TASK [Gathering Facts] **********************************************************************************************************************************************************************************************************************
2024-06-24 18:08:07,746 p=3444395 u=upszot n=ansible | ok: [localhost]
2024-06-24 18:08:07,775 p=3444395 u=upszot n=ansible | TASK [include_role : 2do_parcial] ***********************************************************************************************************************************************************************************************************
2024-06-24 18:08:07,805 p=3444395 u=upszot n=ansible | TASK [2do_parcial : debug] ******************************************************************************************************************************************************************************************************************
2024-06-24 18:08:07,817 p=3444395 u=upszot n=ansible | ok: [localhost] => {
    "msg": "Tareas del 2do Parcial"
}
2024-06-24 18:08:07,836 p=3444395 u=upszot n=ansible | TASK [Otra tarea] ***************************************************************************************************************************************************************************************************************************
2024-06-24 18:08:07,851 p=3444395 u=upszot n=ansible | ok: [localhost] => {
    "msg": "Despues de la ejecucion del rol"
}
2024-06-24 18:08:07,885 p=3444395 u=upszot n=ansible | PLAY RECAP **********************************************************************************************************************************************************************************************************************************
2024-06-24 18:08:07,885 p=3444395 u=upszot n=ansible | localhost                  : ok=3    changed=0    unreachable=0    failed=0    skipped=0    rescued=0    ignored=0   
2024-11-15 02:07:49,536 p=15441 u=joa n=ansible | [WARNING]: A duplicate localhost-like entry was found (localhost). First found localhost was 127.0.0.1

2024-11-15 02:07:49,647 p=15441 u=joa n=ansible | PLAY [all] ***************************************************************************************************************************************************
2024-11-15 02:07:49,656 p=15441 u=joa n=ansible | TASK [Gathering Facts] ***************************************************************************************************************************************
2024-11-15 02:07:49,790 p=15441 u=joa n=ansible | fatal: [127.0.0.1]: UNREACHABLE! => {"changed": false, "msg": "Failed to connect to the host via ssh: Warning: Permanently added '127.0.0.1' (ED25519) to the list of known hosts.\r\njoa@127.0.0.1: Permission denied (publickey).", "unreachable": true}
2024-11-15 02:07:50,904 p=15441 u=joa n=ansible | [WARNING]: Platform linux on host localhost is using the discovered Python interpreter at /usr/bin/python3.10, but future installation of another Python
interpreter could change the meaning of that path. See https://docs.ansible.com/ansible-core/2.17/reference_appendices/interpreter_discovery.html for more
information.

2024-11-15 02:07:50,905 p=15441 u=joa n=ansible | ok: [localhost]
2024-11-15 02:07:50,911 p=15441 u=joa n=ansible | TASK [include_role : 2do_parcial] ****************************************************************************************************************************
2024-11-15 02:07:50,938 p=15441 u=joa n=ansible | included: 2do_parcial for localhost
2024-11-15 02:07:50,944 p=15441 u=joa n=ansible | TASK [2do_parcial : debug] ***********************************************************************************************************************************
2024-11-15 02:07:50,958 p=15441 u=joa n=ansible | ok: [localhost] => {
    "msg": "Tareas del 2do Parcial"
}
2024-11-15 02:07:50,964 p=15441 u=joa n=ansible | TASK [2do_parcial : Crear directorios en /tmp/2do_parcial/] **************************************************************************************************
2024-11-15 02:07:51,275 p=15441 u=joa n=ansible | changed: [localhost] => (item=alumno)
2024-11-15 02:07:51,461 p=15441 u=joa n=ansible | changed: [localhost] => (item=equipo)
2024-11-15 02:07:51,469 p=15441 u=joa n=ansible | TASK [2do_parcial : Add files from template] *****************************************************************************************************************
2024-11-15 02:07:52,000 p=15441 u=joa n=ansible | changed: [localhost]
2024-11-15 02:07:52,006 p=15441 u=joa n=ansible | TASK [2do_parcial : Add another file from template] **********************************************************************************************************
2024-11-15 02:07:52,357 p=15441 u=joa n=ansible | changed: [localhost]
2024-11-15 02:07:52,364 p=15441 u=joa n=ansible | TASK [2do_parcial : add NOPASSWD in sudores for 2PSupervisores] **********************************************************************************************
2024-11-15 02:07:52,696 p=15441 u=joa n=ansible | changed: [localhost]
2024-11-15 02:07:52,707 p=15441 u=joa n=ansible | TASK [Otra tarea] ********************************************************************************************************************************************
2024-11-15 02:07:52,720 p=15441 u=joa n=ansible | ok: [localhost] => {
    "msg": "Despues de la ejecucion del rol"
}
2024-11-15 02:07:52,722 p=15441 u=joa n=ansible | PLAY RECAP ***************************************************************************************************************************************************
2024-11-15 02:07:52,722 p=15441 u=joa n=ansible | 127.0.0.1                  : ok=0    changed=0    unreachable=1    failed=0    skipped=0    rescued=0    ignored=0   
2024-11-15 02:07:52,722 p=15441 u=joa n=ansible | localhost                  : ok=8    changed=4    unreachable=0    failed=0    skipped=0    rescued=0    ignored=0   
